<?xml version="1.0" encoding="UTF-8"?>
<!-- Generated by org.testng.reporters.JUnitReportReporter -->
<testsuite hostname="DESKTOP-S4I1B9H" failures="0" tests="1" name="com.parameters.Parameterstest" time="16.771" errors="0" timestamp="2021-01-03T14:14:47 IST" skipped="0">
  <testcase classname="com.parameters.Parameterstest" name="logininsta" time="16.771"/>
  <system-out/>
</testsuite> <!-- com.parameters.Parameterstest -->
