<?xml version="1.0" encoding="UTF-8"?>
<!-- Generated by org.testng.reporters.JUnitReportReporter -->
<testsuite hostname="DESKTOP-S4I1B9H" failures="0" tests="3" name="com.testng.BasicsTestng" time="0.023" errors="0" timestamp="2021-01-02T13:26:14 IST" skipped="0">
  <testcase classname="com.testng.BasicsTestng" name="titletext" time="0.006"/>
  <system-out/>
  <testcase classname="com.testng.BasicsTestng" name="logotext" time="0.009"/>
  <system-out/>
  <testcase classname="com.testng.BasicsTestng" name="searchtext" time="0.008"/>
  <system-out/>
</testsuite> <!-- com.testng.BasicsTestng -->
