<?xml version="1.0" encoding="UTF-8"?>
<!-- Generated by org.testng.reporters.JUnitReportReporter -->
<testsuite hostname="DESKTOP-S4I1B9H" failures="0" tests="3" name="com.testng.googletitle" time="85.871" errors="0" timestamp="2021-01-03T11:25:50 IST" skipped="0">
  <testcase classname="com.testng.googletitle" name="display" time="21.084"/>
  <system-out/>
  <testcase classname="com.testng.googletitle" name="url" time="34.076"/>
  <system-out/>
  <testcase classname="com.testng.googletitle" name="title" time="30.711"/>
  <system-out/>
</testsuite> <!-- com.testng.googletitle -->
