<?xml version="1.0" encoding="UTF-8"?>
<!-- Generated by org.testng.reporters.JUnitReportReporter -->
<testsuite hostname="DESKTOP-S4I1B9H" failures="0" tests="4" name="com.testng.invocationcount" time="94.786" errors="0" timestamp="2021-01-03T11:25:50 IST" skipped="0">
  <testcase classname="com.testng.invocationcount" name="url" time="23.154"/>
  <system-out/>
  <testcase classname="com.testng.invocationcount" name="title" time="24.782"/>
  <system-out/>
  <testcase classname="com.testng.invocationcount" name="title" time="21.333"/>
  <system-out/>
  <testcase classname="com.testng.invocationcount" name="title" time="25.517"/>
  <system-out/>
</testsuite> <!-- com.testng.invocationcount -->
