<?xml version="1.0" encoding="UTF-8"?>
<!-- Generated by org.testng.reporters.JUnitReportReporter -->
<testsuite hostname="DESKTOP-S4I1B9H" failures="0" tests="3" name="com.pom.testcases.Loginpagetest" time="88.409" errors="0" timestamp="2021-01-19T21:06:59 IST" skipped="0">
  <testcase classname="com.pom.testcases.Loginpagetest" name="verifyloginpagetitletest" time="23.057"/>
  <system-out/>
  <testcase classname="com.pom.testcases.Loginpagetest" name="verifyurltest" time="29.713"/>
  <system-out/>
  <testcase classname="com.pom.testcases.Loginpagetest" name="loogintest" time="35.639"/>
  <system-out/>
</testsuite> <!-- com.pom.testcases.Loginpagetest -->
